e:\games\steam\steamapps\common\quake 2\rose\src_kmq2\release\vc142.pdb
e:\games\steam\steamapps\common\quake 2\rose\src_kmq2\release\g_newai.obj
e:\games\steam\steamapps\common\quake 2\rose\src_kmq2\release\g_monster.obj
e:\games\steam\steamapps\common\quake 2\rose\src_kmq2\release\g_misc.obj
e:\games\steam\steamapps\common\quake 2\rose\src_kmq2\release\g_mappack.obj
e:\games\steam\steamapps\common\quake 2\rose\src_kmq2\release\g_main.obj
e:\games\steam\steamapps\common\quake 2\rose\src_kmq2\release\g_lock.obj
e:\games\steam\steamapps\common\quake 2\rose\src_kmq2\release\g_lights.obj
e:\games\steam\steamapps\common\quake 2\rose\src_kmq2\release\g_jetpack.obj
e:\games\steam\steamapps\common\quake 2\rose\src_kmq2\release\g_items.obj
e:\games\steam\steamapps\common\quake 2\rose\src_kmq2\release\g_func.obj
e:\games\steam\steamapps\common\quake 2\rose\src_kmq2\release\g_fog.obj
e:\games\steam\steamapps\common\quake 2\rose\src_kmq2\release\g_crane.obj
e:\games\steam\steamapps\common\quake 2\rose\src_kmq2\release\g_combat.obj
e:\games\steam\steamapps\common\quake 2\rose\src_kmq2\release\g_cmds.obj
e:\games\steam\steamapps\common\quake 2\rose\src_kmq2\release\g_chase.obj
e:\games\steam\steamapps\common\quake 2\rose\src_kmq2\release\g_camera.obj
e:\games\steam\steamapps\common\quake 2\rose\src_kmq2\release\g_ai.obj
e:\games\steam\steamapps\common\quake 2\rose\src_kmq2\release\grenade.obj
e:\games\steam\steamapps\common\quake 2\rose\src_kmq2\release\dm_tag.obj
e:\games\steam\steamapps\common\quake 2\rose\src_kmq2\release\dm_ball.obj
e:\games\steam\steamapps\common\quake 2\rose\src_kmq2\release\g_utils.obj
e:\games\steam\steamapps\common\quake 2\rose\src_kmq2\release\g_turret.obj
e:\games\steam\steamapps\common\quake 2\rose\src_kmq2\release\g_trigger.obj
e:\games\steam\steamapps\common\quake 2\rose\src_kmq2\release\g_tracktrain.obj
e:\games\steam\steamapps\common\quake 2\rose\src_kmq2\release\g_thing.obj
e:\games\steam\steamapps\common\quake 2\rose\src_kmq2\release\g_target.obj
e:\games\steam\steamapps\common\quake 2\rose\src_kmq2\release\g_svcmds.obj
e:\games\steam\steamapps\common\quake 2\rose\src_kmq2\release\g_sphere.obj
e:\games\steam\steamapps\common\quake 2\rose\src_kmq2\release\g_spawn.obj
e:\games\steam\steamapps\common\quake 2\rose\src_kmq2\release\g_sound.obj
e:\games\steam\steamapps\common\quake 2\rose\src_kmq2\release\g_save.obj
e:\games\steam\steamapps\common\quake 2\rose\src_kmq2\release\g_phys.obj
e:\games\steam\steamapps\common\quake 2\rose\src_kmq2\release\g_pendulum.obj
e:\games\steam\steamapps\common\quake 2\rose\src_kmq2\release\g_patchplayermodels.obj
e:\games\steam\steamapps\common\quake 2\rose\src_kmq2\release\g_newweap.obj
e:\games\steam\steamapps\common\quake 2\rose\src_kmq2\release\g_newutils.obj
e:\games\steam\steamapps\common\quake 2\rose\src_kmq2\release\g_newtrig.obj
e:\games\steam\steamapps\common\quake 2\rose\src_kmq2\release\g_newtarg.obj
e:\games\steam\steamapps\common\quake 2\rose\src_kmq2\release\g_newfnc.obj
e:\games\steam\steamapps\common\quake 2\rose\src_kmq2\release\g_newdm.obj
e:\games\steam\steamapps\common\quake 2\rose\src_kmq2\release\m_float.obj
e:\games\steam\steamapps\common\quake 2\rose\src_kmq2\release\m_flipper.obj
e:\games\steam\steamapps\common\quake 2\rose\src_kmq2\release\m_flash.obj
e:\games\steam\steamapps\common\quake 2\rose\src_kmq2\release\m_fixbot.obj
e:\games\steam\steamapps\common\quake 2\rose\src_kmq2\release\m_dog.obj
e:\games\steam\steamapps\common\quake 2\rose\src_kmq2\release\m_chick.obj
e:\games\steam\steamapps\common\quake 2\rose\src_kmq2\release\m_carrier.obj
e:\games\steam\steamapps\common\quake 2\rose\src_kmq2\release\m_brainbeta.obj
e:\games\steam\steamapps\common\quake 2\rose\src_kmq2\release\m_brain.obj
e:\games\steam\steamapps\common\quake 2\rose\src_kmq2\release\m_boss5.obj
e:\games\steam\steamapps\common\quake 2\rose\src_kmq2\release\m_boss32.obj
e:\games\steam\steamapps\common\quake 2\rose\src_kmq2\release\m_boss31.obj
e:\games\steam\steamapps\common\quake 2\rose\src_kmq2\release\m_boss3.obj
e:\games\steam\steamapps\common\quake 2\rose\src_kmq2\release\m_boss2.obj
e:\games\steam\steamapps\common\quake 2\rose\src_kmq2\release\m_berserk.obj
e:\games\steam\steamapps\common\quake 2\rose\src_kmq2\release\m_actor_weap.obj
e:\games\steam\steamapps\common\quake 2\rose\src_kmq2\release\m_actor.obj
e:\games\steam\steamapps\common\quake 2\rose\src_kmq2\release\km_cvar.obj
e:\games\steam\steamapps\common\quake 2\rose\src_kmq2\release\g_weapon.obj
e:\games\steam\steamapps\common\quake 2\rose\src_kmq2\release\g_vehicle.obj
e:\games\steam\steamapps\common\quake 2\rose\src_kmq2\release\p_chasecam.obj
e:\games\steam\steamapps\common\quake 2\rose\src_kmq2\release\m_widow2.obj
e:\games\steam\steamapps\common\quake 2\rose\src_kmq2\release\m_widow.obj
e:\games\steam\steamapps\common\quake 2\rose\src_kmq2\release\m_turret.obj
e:\games\steam\steamapps\common\quake 2\rose\src_kmq2\release\m_tank.obj
e:\games\steam\steamapps\common\quake 2\rose\src_kmq2\release\m_supertank.obj
e:\games\steam\steamapps\common\quake 2\rose\src_kmq2\release\m_stalker.obj
e:\games\steam\steamapps\common\quake 2\rose\src_kmq2\release\m_soldier.obj
e:\games\steam\steamapps\common\quake 2\rose\src_kmq2\release\m_parasite.obj
e:\games\steam\steamapps\common\quake 2\rose\src_kmq2\release\m_mutant.obj
e:\games\steam\steamapps\common\quake 2\rose\src_kmq2\release\m_move.obj
e:\games\steam\steamapps\common\quake 2\rose\src_kmq2\release\m_medic.obj
e:\games\steam\steamapps\common\quake 2\rose\src_kmq2\release\m_insane.obj
e:\games\steam\steamapps\common\quake 2\rose\src_kmq2\release\m_infantry.obj
e:\games\steam\steamapps\common\quake 2\rose\src_kmq2\release\m_hover.obj
e:\games\steam\steamapps\common\quake 2\rose\src_kmq2\release\m_gunner.obj
e:\games\steam\steamapps\common\quake 2\rose\src_kmq2\release\m_gladiator.obj
e:\games\steam\steamapps\common\quake 2\rose\src_kmq2\release\m_gladb.obj
e:\games\steam\steamapps\common\quake 2\rose\src_kmq2\release\m_gekk.obj
e:\games\steam\steamapps\common\quake 2\rose\src_kmq2\release\m_flyer.obj
e:\games\steam\steamapps\common\quake 2\rose\src_kmq2\release\z_sentien.obj
e:\games\steam\steamapps\common\quake 2\rose\src_kmq2\release\z_anim.obj
e:\games\steam\steamapps\common\quake 2\rose\src_kmq2\release\q_shared.obj
e:\games\steam\steamapps\common\quake 2\rose\src_kmq2\release\p_weapon.obj
e:\games\steam\steamapps\common\quake 2\rose\src_kmq2\release\p_view.obj
e:\games\steam\steamapps\common\quake 2\rose\src_kmq2\release\p_trail.obj
e:\games\steam\steamapps\common\quake 2\rose\src_kmq2\release\p_text.obj
e:\games\steam\steamapps\common\quake 2\rose\src_kmq2\release\p_menu.obj
e:\games\steam\steamapps\common\quake 2\rose\src_kmq2\release\p_hud.obj
e:\games\steam\steamapps\common\quake 2\rose\src_kmq2\release\p_client.obj
e:\games\steam\steamapps\common\quake 2\rose\src_kmq2\release\gamex86.lib
e:\games\steam\steamapps\common\quake 2\rose\src_kmq2\release\gamex86.exp
e:\games\steam\steamapps\common\quake 2\rose\src_kmq2\gamex86.dll
e:\games\steam\steamapps\common\quake 2\rose\src_kmq2\release\gamex86.pdb
e:\games\steam\steamapps\common\quake 2\rose\src_kmq2\release\gamex86.res
e:\games\steam\steamapps\common\quake 2\rose\src_kmq2\release\game.tlog\cl.command.1.tlog
e:\games\steam\steamapps\common\quake 2\rose\src_kmq2\release\game.tlog\cl.read.1.tlog
e:\games\steam\steamapps\common\quake 2\rose\src_kmq2\release\game.tlog\cl.write.1.tlog
e:\games\steam\steamapps\common\quake 2\rose\src_kmq2\release\game.tlog\game.write.1u.tlog
e:\games\steam\steamapps\common\quake 2\rose\src_kmq2\release\game.tlog\link.command.1.tlog
e:\games\steam\steamapps\common\quake 2\rose\src_kmq2\release\game.tlog\link.read.1.tlog
e:\games\steam\steamapps\common\quake 2\rose\src_kmq2\release\game.tlog\link.write.1.tlog
e:\games\steam\steamapps\common\quake 2\rose\src_kmq2\release\game.tlog\rc.command.1.tlog
e:\games\steam\steamapps\common\quake 2\rose\src_kmq2\release\game.tlog\rc.read.1.tlog
e:\games\steam\steamapps\common\quake 2\rose\src_kmq2\release\game.tlog\rc.write.1.tlog
